<?xml version="1.0" encoding="UTF-8"?>
<!-- Generated by org.testng.reporters.JUnitXMLReporter -->
<testsuite hostname="DESKTOP-CFCNF77" name="Default test" tests="6" failures="1" timestamp="2 May 2019 03:15:59 GMT" time="0.064" errors="0">
  <testcase name="getNumberDoubleTest123" time="0.013" classname="test123.copy.testA"/>
  <testcase name="getNumberDoubleTest123" time="0.002" classname="test123.copy.testA"/>
  <testcase name="getNumberDoubleTest123" time="0.002" classname="test123.copy.testA"/>
  <testcase name="getNumberDoubleTest123" time="0.001" classname="test123.copy.testA"/>
  <testcase name="getNumberDoubleTest123" time="0.003" classname="test123.copy.testA"/>
  <testcase name="getNumberTest123" time="0.0" classname="test123.copy.testA">
    <failure type="org.testng.TestNGException" message="
Parameter &amp;apos;Deepak&amp;apos; is required by @Test on method getNumberTest123 but has not been marked @Optional or defined
in C:\Users\Deepak\AppData\Local\Temp\testng-eclipse-861486274\testng-customsuite.xml">
      <![CDATA[org.testng.TestNGException: 
Parameter 'Deepak' is required by @Test on method getNumberTest123 but has not been marked @Optional or defined
in C:\Users\Deepak\AppData\Local\Temp\testng-eclipse-861486274\testng-customsuite.xml
	at org.testng.internal.Parameters.createParameters(Parameters.java:156)
	at org.testng.internal.Parameters.createParameters(Parameters.java:370)
	at org.testng.internal.Parameters.handleParameters(Parameters.java:495)
	at org.testng.internal.Invoker.handleParameters(Invoker.java:1253)
	at org.testng.internal.Invoker.createParameters(Invoker.java:980)
	at org.testng.internal.Invoker.invokeTestMethods(Invoker.java:1070)
	at org.testng.internal.TestMethodWorker.invokeTestMethods(TestMethodWorker.java:129)
	at org.testng.internal.TestMethodWorker.run(TestMethodWorker.java:112)
	at org.testng.TestRunner.privateRun(TestRunner.java:753)
	at org.testng.TestRunner.run(TestRunner.java:607)
	at org.testng.SuiteRunner.runTest(SuiteRunner.java:368)
	at org.testng.SuiteRunner.runSequentially(SuiteRunner.java:363)
	at org.testng.SuiteRunner.privateRun(SuiteRunner.java:321)
	at org.testng.SuiteRunner.run(SuiteRunner.java:270)
	at org.testng.SuiteRunnerWorker.runSuite(SuiteRunnerWorker.java:52)
	at org.testng.SuiteRunnerWorker.run(SuiteRunnerWorker.java:86)
	at org.testng.TestNG.runSuitesSequentially(TestNG.java:1284)
	at org.testng.TestNG.runSuitesLocally(TestNG.java:1209)
	at org.testng.TestNG.runSuites(TestNG.java:1124)
	at org.testng.TestNG.run(TestNG.java:1096)
	at org.testng.remote.AbstractRemoteTestNG.run(AbstractRemoteTestNG.java:132)
	at org.testng.remote.RemoteTestNG.initAndRun(RemoteTestNG.java:236)
	at org.testng.remote.RemoteTestNG.main(RemoteTestNG.java:81)
]]>
    </failure>
  </testcase> <!-- getNumberTest123 -->
</testsuite> <!-- Default test -->
